C:\USERS\HUXINBO\DESKTOP\TRAIN INQUIRY SYSTEM\DEBUG\TRAIN INQUIRY SYSTEM.EXE
C:\USERS\HUXINBO\DESKTOP\TRAIN INQUIRY SYSTEM\DEBUG\TRAIN INQUIRY SYSTEM.ILK
C:\USERS\HUXINBO\DESKTOP\TRAIN INQUIRY SYSTEM\DEBUG\TRAIN INQUIRY SYSTEM.PDB
C:\Users\Huxinbo\Desktop\Train inquiry system\Train inquiry system\Debug\cl.command.1.tlog
C:\Users\Huxinbo\Desktop\Train inquiry system\Train inquiry system\Debug\CL.read.1.tlog
C:\Users\Huxinbo\Desktop\Train inquiry system\Train inquiry system\Debug\CL.write.1.tlog
C:\Users\Huxinbo\Desktop\Train inquiry system\Train inquiry system\Debug\link.command.1.tlog
C:\Users\Huxinbo\Desktop\Train inquiry system\Train inquiry system\Debug\link.read.1.tlog
C:\Users\Huxinbo\Desktop\Train inquiry system\Train inquiry system\Debug\link.write.1.tlog
C:\Users\Huxinbo\Desktop\Train inquiry system\Train inquiry system\Debug\link-cvtres.read.1.tlog
C:\Users\Huxinbo\Desktop\Train inquiry system\Train inquiry system\Debug\link-cvtres.write.1.tlog
C:\Users\Huxinbo\Desktop\Train inquiry system\Train inquiry system\Debug\mt.command.1.tlog
C:\Users\Huxinbo\Desktop\Train inquiry system\Train inquiry system\Debug\mt.read.1.tlog
C:\Users\Huxinbo\Desktop\Train inquiry system\Train inquiry system\Debug\mt.write.1.tlog
C:\Users\Huxinbo\Desktop\Train inquiry system\Train inquiry system\Debug\rc.command.1.tlog
C:\Users\Huxinbo\Desktop\Train inquiry system\Train inquiry system\Debug\rc.read.1.tlog
C:\Users\Huxinbo\Desktop\Train inquiry system\Train inquiry system\Debug\rc.write.1.tlog
C:\USERS\HUXINBO\DESKTOP\TRAIN INQUIRY SYSTEM\TRAIN INQUIRY SYSTEM\DEBUG\SETTINGDLG.OBJ
C:\USERS\HUXINBO\DESKTOP\TRAIN INQUIRY SYSTEM\TRAIN INQUIRY SYSTEM\DEBUG\STDAFX.OBJ
C:\USERS\HUXINBO\DESKTOP\TRAIN INQUIRY SYSTEM\TRAIN INQUIRY SYSTEM\DEBUG\TRAIN INQUIRY SYSTEM.EXE.EMBED.MANIFEST
C:\USERS\HUXINBO\DESKTOP\TRAIN INQUIRY SYSTEM\TRAIN INQUIRY SYSTEM\DEBUG\TRAIN INQUIRY SYSTEM.EXE.EMBED.MANIFEST.RES
C:\USERS\HUXINBO\DESKTOP\TRAIN INQUIRY SYSTEM\TRAIN INQUIRY SYSTEM\DEBUG\TRAIN INQUIRY SYSTEM.EXE.INTERMEDIATE.MANIFEST
C:\USERS\HUXINBO\DESKTOP\TRAIN INQUIRY SYSTEM\TRAIN INQUIRY SYSTEM\DEBUG\TRAIN INQUIRY SYSTEM.OBJ
C:\USERS\HUXINBO\DESKTOP\TRAIN INQUIRY SYSTEM\TRAIN INQUIRY SYSTEM\DEBUG\TRAIN INQUIRY SYSTEM.PCH
C:\USERS\HUXINBO\DESKTOP\TRAIN INQUIRY SYSTEM\TRAIN INQUIRY SYSTEM\DEBUG\TRAIN INQUIRY SYSTEM.RES
C:\Users\Huxinbo\Desktop\Train inquiry system\Train inquiry system\Debug\Train inquiry system.write.1.tlog
C:\Users\Huxinbo\Desktop\Train inquiry system\Train inquiry system\Debug\Train inquiry system_manifest.rc
C:\USERS\HUXINBO\DESKTOP\TRAIN INQUIRY SYSTEM\TRAIN INQUIRY SYSTEM\DEBUG\TRAIN INQUIRY SYSTEMDLG.OBJ
C:\USERS\HUXINBO\DESKTOP\TRAIN INQUIRY SYSTEM\TRAIN INQUIRY SYSTEM\DEBUG\TRUECOLORTOOLBAR.OBJ
C:\Users\Huxinbo\Desktop\Train inquiry system\Train inquiry system\Debug\vc100.idb
C:\USERS\HUXINBO\DESKTOP\TRAIN INQUIRY SYSTEM\TRAIN INQUIRY SYSTEM\DEBUG\VC100.PDB
