生成启动时间为 2015/6/25 1:06:09。
     1>项目“C:\Users\Huxinbo\Desktop\Train inquiry system\Train inquiry system\Train inquiry system.vcxproj”在节点 2 上(build 个目标)。
     1>InitializeBuildStatus:
         正在创建“Debug\Train inquiry system.unsuccessfulbuild”，因为已指定“AlwaysCreate”。
       ClCompile:
         F:\VS\VC\bin\CL.exe /c /ZI /nologo /W3 /WX- /Od /Oy- /D WIN32 /D _WINDOWS /D _DEBUG /D _MBCS /D _AFXDLL /Gm /EHsc /RTC1 /MDd /GS /fp:precise /Zc:wchar_t /Zc:forScope /Yc"StdAfx.h" /Fp"Debug\Train inquiry system.pch" /Fo"Debug\\" /Fd"Debug\vc100.pdb" /Gd /TP /analyze- /errorReport:prompt stdafx.cpp
         stdafx.cpp
         F:\VS\VC\bin\CL.exe /c /ZI /nologo /W3 /WX- /Od /Oy- /D WIN32 /D _WINDOWS /D _DEBUG /D _MBCS /D _AFXDLL /Gm /EHsc /RTC1 /MDd /GS /fp:precise /Zc:wchar_t /Zc:forScope /Yu"StdAfx.h" /Fp"Debug\Train inquiry system.pch" /Fo"Debug\\" /Fd"Debug\vc100.pdb" /Gd /TP /analyze- /errorReport:prompt SettingDlg.cpp "Train inquiry system.cpp" "Train inquiry systemDlg.cpp" TrueColorToolBar.cpp
         TrueColorToolBar.cpp
         Train inquiry systemDlg.cpp
     1>c:\users\huxinbo\desktop\train inquiry system\train inquiry system\train inquiry systemdlg.cpp(332): warning C4244: “初始化”: 从“double”转换到“int”，可能丢失数据
         Train inquiry system.cpp
         SettingDlg.cpp
         正在生成代码...
       ResourceCompile:
         C:\Program Files (x86)\Microsoft SDKs\Windows\v7.0A\bin\rc.exe /D _DEBUG /D _AFXDLL /l"0x0804" /IDebug\ /nologo /fo"Debug\Train inquiry system.res" "Train inquiry system.rc" 
       ManifestResourceCompile:
         C:\Program Files (x86)\Microsoft SDKs\Windows\v7.0A\bin\rc.exe /nologo /fo"Debug\Train inquiry system.exe.embed.manifest.res" "Debug\Train inquiry system_manifest.rc" 
       Link:
         F:\VS\VC\bin\link.exe /ERRORREPORT:PROMPT /OUT:"C:\Users\Huxinbo\Desktop\Train inquiry system\Debug\Train inquiry system.exe" /INCREMENTAL /NOLOGO /MANIFEST /ManifestFile:"Debug\Train inquiry system.exe.intermediate.manifest" /MANIFESTUAC:"level='asInvoker' uiAccess='false'" /DEBUG /PDB:"C:\Users\Huxinbo\Desktop\Train inquiry system\Debug\Train inquiry system.pdb" /SUBSYSTEM:WINDOWS /TLBID:1 /DYNAMICBASE /NXCOMPAT /IMPLIB:"C:\Users\Huxinbo\Desktop\Train inquiry system\Debug\Train inquiry system.lib" /MACHINE:X86 "Debug\Train inquiry system.res"
         "Debug\Train inquiry system.exe.embed.manifest.res"
         Debug\SettingDlg.obj
         Debug\stdafx.obj
         "Debug\Train inquiry system.obj"
         "Debug\Train inquiry systemDlg.obj"
         Debug\TrueColorToolBar.obj
       Manifest:
         C:\Program Files (x86)\Microsoft SDKs\Windows\v7.0A\bin\mt.exe /nologo /verbose /out:"Debug\Train inquiry system.exe.embed.manifest" /manifest "Debug\Train inquiry system.exe.intermediate.manifest" F:\VS\VC\Include\Manifest\dpiaware.manifest
         C:\Program Files (x86)\Microsoft SDKs\Windows\v7.0A\bin\rc.exe /nologo /fo"Debug\Train inquiry system.exe.embed.manifest.res" "Debug\Train inquiry system_manifest.rc" 
       LinkEmbedManifest:
         F:\VS\VC\bin\link.exe /ERRORREPORT:PROMPT /OUT:"C:\Users\Huxinbo\Desktop\Train inquiry system\Debug\Train inquiry system.exe" /INCREMENTAL /NOLOGO /MANIFEST /ManifestFile:"Debug\Train inquiry system.exe.intermediate.manifest" /MANIFESTUAC:"level='asInvoker' uiAccess='false'" /DEBUG /PDB:"C:\Users\Huxinbo\Desktop\Train inquiry system\Debug\Train inquiry system.pdb" /SUBSYSTEM:WINDOWS /TLBID:1 /DYNAMICBASE /NXCOMPAT /IMPLIB:"C:\Users\Huxinbo\Desktop\Train inquiry system\Debug\Train inquiry system.lib" /MACHINE:X86 "Debug\Train inquiry system.res"
         "Debug\Train inquiry system.exe.embed.manifest.res"
         Debug\SettingDlg.obj
         Debug\stdafx.obj
         "Debug\Train inquiry system.obj"
         "Debug\Train inquiry systemDlg.obj"
         Debug\TrueColorToolBar.obj
         Train inquiry system.vcxproj -> C:\Users\Huxinbo\Desktop\Train inquiry system\Debug\Train inquiry system.exe
       FinalizeBuildStatus:
         正在删除文件“Debug\Train inquiry system.unsuccessfulbuild”。
         正在对“Debug\Train inquiry system.lastbuildstate”执行 Touch 任务。
     1>已完成生成项目“C:\Users\Huxinbo\Desktop\Train inquiry system\Train inquiry system\Train inquiry system.vcxproj”(build 个目标)的操作。

生成成功。

已用时间 00:00:03.53
